{
  "stats": {
    "suites": 1,
    "tests": 6,
    "passes": 6,
    "pending": 0,
    "failures": 0,
    "start": "2021-04-09T17:00:25.887Z",
    "end": "2021-04-09T17:00:29.880Z",
    "duration": 3993,
    "testsRegistered": 6,
    "passPercent": 100,
    "pendingPercent": 0,
    "other": 0,
    "hasOther": false,
    "skipped": 0,
    "hasSkipped": false
  },
  "results": [
    {
      "uuid": "35eb7854-d667-4048-87d7-d4ae13f2b982",
      "title": "",
      "fullFile": "cypress/integration/cucumber-test/calculator.feature",
      "file": "cypress/integration/cucumber-test/calculator.feature",
      "beforeHooks": [],
      "afterHooks": [],
      "tests": [],
      "suites": [
        {
          "uuid": "5c5bc679-d16d-4b24-b364-9f532c6df215",
          "title": "Calculator",
          "fullFile": "",
          "file": "",
          "beforeHooks": [],
          "afterHooks": [],
          "tests": [
            {
              "title": "Calculaton addition",
              "fullTitle": "Calculator Calculaton addition",
              "timedOut": null,
              "duration": 906,
              "state": "passed",
              "speed": "slow",
              "pass": true,
              "fail": false,
              "pending": false,
              "context": "\"videos/cucumber-test/calculator.feature.mp4\"",
              "code": "const state = window.testState;\nreturn cy\n  .then(() => state.onStartScenario(scenario, indexedSteps))\n  .then(() =>\n    resolveAndRunBeforeHooks.call(this, scenario.tags, state.feature.name)\n  )\n  .then(() =>\n    indexedSteps.forEach((step) =>\n      stepTest.call(this, state, step, rowData)\n    )\n  )\n  .then(() =>\n    resolveAndRunAfterHooks.call(this, scenario.tags, state.feature.name)\n  )\n  .then(() => state.onFinishScenario(scenario));",
              "err": {},
              "uuid": "d2d798af-b5c0-4fc9-b769-6cdc71895219",
              "parentUUID": "5c5bc679-d16d-4b24-b364-9f532c6df215",
              "isHook": false,
              "skipped": false
            },
            {
              "title": "Calculaton subtraction",
              "fullTitle": "Calculator Calculaton subtraction",
              "timedOut": null,
              "duration": 613,
              "state": "passed",
              "speed": "slow",
              "pass": true,
              "fail": false,
              "pending": false,
              "context": "\"videos/cucumber-test/calculator.feature.mp4\"",
              "code": "const state = window.testState;\nreturn cy\n  .then(() => state.onStartScenario(scenario, indexedSteps))\n  .then(() =>\n    resolveAndRunBeforeHooks.call(this, scenario.tags, state.feature.name)\n  )\n  .then(() =>\n    indexedSteps.forEach((step) =>\n      stepTest.call(this, state, step, rowData)\n    )\n  )\n  .then(() =>\n    resolveAndRunAfterHooks.call(this, scenario.tags, state.feature.name)\n  )\n  .then(() => state.onFinishScenario(scenario));",
              "err": {},
              "uuid": "70b3fb48-8190-4eff-a9e2-115f8b0dfa7e",
              "parentUUID": "5c5bc679-d16d-4b24-b364-9f532c6df215",
              "isHook": false,
              "skipped": false
            },
            {
              "title": "Calculaton multiplication",
              "fullTitle": "Calculator Calculaton multiplication",
              "timedOut": null,
              "duration": 616,
              "state": "passed",
              "speed": "slow",
              "pass": true,
              "fail": false,
              "pending": false,
              "context": "\"videos/cucumber-test/calculator.feature.mp4\"",
              "code": "const state = window.testState;\nreturn cy\n  .then(() => state.onStartScenario(scenario, indexedSteps))\n  .then(() =>\n    resolveAndRunBeforeHooks.call(this, scenario.tags, state.feature.name)\n  )\n  .then(() =>\n    indexedSteps.forEach((step) =>\n      stepTest.call(this, state, step, rowData)\n    )\n  )\n  .then(() =>\n    resolveAndRunAfterHooks.call(this, scenario.tags, state.feature.name)\n  )\n  .then(() => state.onFinishScenario(scenario));",
              "err": {},
              "uuid": "0fed0375-5096-4dfb-8faa-8d22631db2f0",
              "parentUUID": "5c5bc679-d16d-4b24-b364-9f532c6df215",
              "isHook": false,
              "skipped": false
            },
            {
              "title": "Calculaton division",
              "fullTitle": "Calculator Calculaton division",
              "timedOut": null,
              "duration": 599,
              "state": "passed",
              "speed": "slow",
              "pass": true,
              "fail": false,
              "pending": false,
              "context": "\"videos/cucumber-test/calculator.feature.mp4\"",
              "code": "const state = window.testState;\nreturn cy\n  .then(() => state.onStartScenario(scenario, indexedSteps))\n  .then(() =>\n    resolveAndRunBeforeHooks.call(this, scenario.tags, state.feature.name)\n  )\n  .then(() =>\n    indexedSteps.forEach((step) =>\n      stepTest.call(this, state, step, rowData)\n    )\n  )\n  .then(() =>\n    resolveAndRunAfterHooks.call(this, scenario.tags, state.feature.name)\n  )\n  .then(() => state.onFinishScenario(scenario));",
              "err": {},
              "uuid": "b8cb5e24-8b31-4307-ada2-10f60f636a37",
              "parentUUID": "5c5bc679-d16d-4b24-b364-9f532c6df215",
              "isHook": false,
              "skipped": false
            },
            {
              "title": "Calculaton dividing by zero",
              "fullTitle": "Calculator Calculaton dividing by zero",
              "timedOut": null,
              "duration": 585,
              "state": "passed",
              "speed": "slow",
              "pass": true,
              "fail": false,
              "pending": false,
              "context": "\"videos/cucumber-test/calculator.feature.mp4\"",
              "code": "const state = window.testState;\nreturn cy\n  .then(() => state.onStartScenario(scenario, indexedSteps))\n  .then(() =>\n    resolveAndRunBeforeHooks.call(this, scenario.tags, state.feature.name)\n  )\n  .then(() =>\n    indexedSteps.forEach((step) =>\n      stepTest.call(this, state, step, rowData)\n    )\n  )\n  .then(() =>\n    resolveAndRunAfterHooks.call(this, scenario.tags, state.feature.name)\n  )\n  .then(() => state.onFinishScenario(scenario));",
              "err": {},
              "uuid": "870e0d4d-ff09-4c8c-84cd-ea71acc2108a",
              "parentUUID": "5c5bc679-d16d-4b24-b364-9f532c6df215",
              "isHook": false,
              "skipped": false
            },
            {
              "title": "Calculaton with negative numbers",
              "fullTitle": "Calculator Calculaton with negative numbers",
              "timedOut": null,
              "duration": 624,
              "state": "passed",
              "speed": "slow",
              "pass": true,
              "fail": false,
              "pending": false,
              "context": "\"videos/cucumber-test/calculator.feature.mp4\"",
              "code": "const state = window.testState;\nreturn cy\n  .then(() => state.onStartScenario(scenario, indexedSteps))\n  .then(() =>\n    resolveAndRunBeforeHooks.call(this, scenario.tags, state.feature.name)\n  )\n  .then(() =>\n    indexedSteps.forEach((step) =>\n      stepTest.call(this, state, step, rowData)\n    )\n  )\n  .then(() =>\n    resolveAndRunAfterHooks.call(this, scenario.tags, state.feature.name)\n  )\n  .then(() => state.onFinishScenario(scenario));",
              "err": {},
              "uuid": "7eaae9a7-4e12-4bdc-a996-e284961e09f6",
              "parentUUID": "5c5bc679-d16d-4b24-b364-9f532c6df215",
              "isHook": false,
              "skipped": false
            }
          ],
          "suites": [],
          "passes": [
            "d2d798af-b5c0-4fc9-b769-6cdc71895219",
            "70b3fb48-8190-4eff-a9e2-115f8b0dfa7e",
            "0fed0375-5096-4dfb-8faa-8d22631db2f0",
            "b8cb5e24-8b31-4307-ada2-10f60f636a37",
            "870e0d4d-ff09-4c8c-84cd-ea71acc2108a",
            "7eaae9a7-4e12-4bdc-a996-e284961e09f6"
          ],
          "failures": [],
          "pending": [],
          "skipped": [],
          "duration": 3943,
          "root": false,
          "rootEmpty": false,
          "_timeout": 2000
        }
      ],
      "passes": [],
      "failures": [],
      "pending": [],
      "skipped": [],
      "duration": 0,
      "root": true,
      "rootEmpty": true,
      "_timeout": 2000
    }
  ],
  "meta": {
    "mocha": {
      "version": "7.0.1"
    },
    "mochawesome": {
      "options": {
        "quiet": false,
        "reportFilename": "mochawesome",
        "saveHtml": false,
        "saveJson": true,
        "consoleReporter": "spec",
        "useInlineDiffs": false,
        "code": true
      },
      "version": "6.2.2"
    },
    "marge": {
      "options": {
        "id": "default",
        "reportDir": "cypress/reports/mocha",
        "quite": true,
        "overwrite": false,
        "html": false,
        "json": true
      },
      "version": "5.2.0"
    }
  }
}