{
  "stats": {
    "suites": 1,
    "tests": 6,
    "passes": 6,
    "pending": 0,
    "failures": 0,
    "start": "2021-04-18T15:18:30.284Z",
    "end": "2021-04-18T15:18:34.272Z",
    "duration": 3988,
    "testsRegistered": 6,
    "passPercent": 100,
    "pendingPercent": 0,
    "other": 0,
    "hasOther": false,
    "skipped": 0,
    "hasSkipped": false
  },
  "results": [
    {
      "uuid": "b8e1fc3d-efcc-4ba4-bea6-b4f75ef68fcc",
      "title": "",
      "fullFile": "cypress/integration/cucumber-test/calculator.feature",
      "file": "cypress/integration/cucumber-test/calculator.feature",
      "beforeHooks": [],
      "afterHooks": [],
      "tests": [],
      "suites": [
        {
          "uuid": "6ee399a7-b02f-4467-8d0c-2de46c5d56f8",
          "title": "Calculator",
          "fullFile": "",
          "file": "",
          "beforeHooks": [],
          "afterHooks": [],
          "tests": [
            {
              "title": "Calculaton addition",
              "fullTitle": "Calculator Calculaton addition",
              "timedOut": null,
              "duration": 929,
              "state": "passed",
              "speed": "slow",
              "pass": true,
              "fail": false,
              "pending": false,
              "context": "\"videos/cucumber-test/calculator.feature.mp4\"",
              "code": "const state = window.testState;\nreturn cy\n  .then(() => state.onStartScenario(scenario, indexedSteps))\n  .then(() =>\n    resolveAndRunBeforeHooks.call(this, scenario.tags, state.feature.name)\n  )\n  .then(() =>\n    indexedSteps.forEach((step) =>\n      stepTest.call(this, state, step, rowData)\n    )\n  )\n  .then(() =>\n    resolveAndRunAfterHooks.call(this, scenario.tags, state.feature.name)\n  )\n  .then(() => state.onFinishScenario(scenario));",
              "err": {},
              "uuid": "25f16c58-6c45-48ca-a58a-cf0693a44a24",
              "parentUUID": "6ee399a7-b02f-4467-8d0c-2de46c5d56f8",
              "isHook": false,
              "skipped": false
            },
            {
              "title": "Calculaton subtraction",
              "fullTitle": "Calculator Calculaton subtraction",
              "timedOut": null,
              "duration": 602,
              "state": "passed",
              "speed": "slow",
              "pass": true,
              "fail": false,
              "pending": false,
              "context": "\"videos/cucumber-test/calculator.feature.mp4\"",
              "code": "const state = window.testState;\nreturn cy\n  .then(() => state.onStartScenario(scenario, indexedSteps))\n  .then(() =>\n    resolveAndRunBeforeHooks.call(this, scenario.tags, state.feature.name)\n  )\n  .then(() =>\n    indexedSteps.forEach((step) =>\n      stepTest.call(this, state, step, rowData)\n    )\n  )\n  .then(() =>\n    resolveAndRunAfterHooks.call(this, scenario.tags, state.feature.name)\n  )\n  .then(() => state.onFinishScenario(scenario));",
              "err": {},
              "uuid": "5ffdf637-89ca-4c79-92ed-bf1de38000d0",
              "parentUUID": "6ee399a7-b02f-4467-8d0c-2de46c5d56f8",
              "isHook": false,
              "skipped": false
            },
            {
              "title": "Calculaton multiplication",
              "fullTitle": "Calculator Calculaton multiplication",
              "timedOut": null,
              "duration": 602,
              "state": "passed",
              "speed": "slow",
              "pass": true,
              "fail": false,
              "pending": false,
              "context": "\"videos/cucumber-test/calculator.feature.mp4\"",
              "code": "const state = window.testState;\nreturn cy\n  .then(() => state.onStartScenario(scenario, indexedSteps))\n  .then(() =>\n    resolveAndRunBeforeHooks.call(this, scenario.tags, state.feature.name)\n  )\n  .then(() =>\n    indexedSteps.forEach((step) =>\n      stepTest.call(this, state, step, rowData)\n    )\n  )\n  .then(() =>\n    resolveAndRunAfterHooks.call(this, scenario.tags, state.feature.name)\n  )\n  .then(() => state.onFinishScenario(scenario));",
              "err": {},
              "uuid": "a7d81f07-8a08-402d-931b-a51aaa90dfe7",
              "parentUUID": "6ee399a7-b02f-4467-8d0c-2de46c5d56f8",
              "isHook": false,
              "skipped": false
            },
            {
              "title": "Calculaton division",
              "fullTitle": "Calculator Calculaton division",
              "timedOut": null,
              "duration": 604,
              "state": "passed",
              "speed": "slow",
              "pass": true,
              "fail": false,
              "pending": false,
              "context": "\"videos/cucumber-test/calculator.feature.mp4\"",
              "code": "const state = window.testState;\nreturn cy\n  .then(() => state.onStartScenario(scenario, indexedSteps))\n  .then(() =>\n    resolveAndRunBeforeHooks.call(this, scenario.tags, state.feature.name)\n  )\n  .then(() =>\n    indexedSteps.forEach((step) =>\n      stepTest.call(this, state, step, rowData)\n    )\n  )\n  .then(() =>\n    resolveAndRunAfterHooks.call(this, scenario.tags, state.feature.name)\n  )\n  .then(() => state.onFinishScenario(scenario));",
              "err": {},
              "uuid": "7b13565d-bf52-48dc-87fc-97139b8d0224",
              "parentUUID": "6ee399a7-b02f-4467-8d0c-2de46c5d56f8",
              "isHook": false,
              "skipped": false
            },
            {
              "title": "Calculaton dividing by zero",
              "fullTitle": "Calculator Calculaton dividing by zero",
              "timedOut": null,
              "duration": 588,
              "state": "passed",
              "speed": "slow",
              "pass": true,
              "fail": false,
              "pending": false,
              "context": "\"videos/cucumber-test/calculator.feature.mp4\"",
              "code": "const state = window.testState;\nreturn cy\n  .then(() => state.onStartScenario(scenario, indexedSteps))\n  .then(() =>\n    resolveAndRunBeforeHooks.call(this, scenario.tags, state.feature.name)\n  )\n  .then(() =>\n    indexedSteps.forEach((step) =>\n      stepTest.call(this, state, step, rowData)\n    )\n  )\n  .then(() =>\n    resolveAndRunAfterHooks.call(this, scenario.tags, state.feature.name)\n  )\n  .then(() => state.onFinishScenario(scenario));",
              "err": {},
              "uuid": "7a872842-8b59-4ed8-af6b-528287082980",
              "parentUUID": "6ee399a7-b02f-4467-8d0c-2de46c5d56f8",
              "isHook": false,
              "skipped": false
            },
            {
              "title": "Calculaton with negative numbers",
              "fullTitle": "Calculator Calculaton with negative numbers",
              "timedOut": null,
              "duration": 612,
              "state": "passed",
              "speed": "slow",
              "pass": true,
              "fail": false,
              "pending": false,
              "context": "\"videos/cucumber-test/calculator.feature.mp4\"",
              "code": "const state = window.testState;\nreturn cy\n  .then(() => state.onStartScenario(scenario, indexedSteps))\n  .then(() =>\n    resolveAndRunBeforeHooks.call(this, scenario.tags, state.feature.name)\n  )\n  .then(() =>\n    indexedSteps.forEach((step) =>\n      stepTest.call(this, state, step, rowData)\n    )\n  )\n  .then(() =>\n    resolveAndRunAfterHooks.call(this, scenario.tags, state.feature.name)\n  )\n  .then(() => state.onFinishScenario(scenario));",
              "err": {},
              "uuid": "079b64d9-d8f0-4682-8c45-4a77bf6ffe7d",
              "parentUUID": "6ee399a7-b02f-4467-8d0c-2de46c5d56f8",
              "isHook": false,
              "skipped": false
            }
          ],
          "suites": [],
          "passes": [
            "25f16c58-6c45-48ca-a58a-cf0693a44a24",
            "5ffdf637-89ca-4c79-92ed-bf1de38000d0",
            "a7d81f07-8a08-402d-931b-a51aaa90dfe7",
            "7b13565d-bf52-48dc-87fc-97139b8d0224",
            "7a872842-8b59-4ed8-af6b-528287082980",
            "079b64d9-d8f0-4682-8c45-4a77bf6ffe7d"
          ],
          "failures": [],
          "pending": [],
          "skipped": [],
          "duration": 3937,
          "root": false,
          "rootEmpty": false,
          "_timeout": 2000
        }
      ],
      "passes": [],
      "failures": [],
      "pending": [],
      "skipped": [],
      "duration": 0,
      "root": true,
      "rootEmpty": true,
      "_timeout": 2000
    }
  ],
  "meta": {
    "mocha": {
      "version": "7.0.1"
    },
    "mochawesome": {
      "options": {
        "quiet": false,
        "reportFilename": "mochawesome",
        "saveHtml": false,
        "saveJson": true,
        "consoleReporter": "spec",
        "useInlineDiffs": false,
        "code": true
      },
      "version": "6.2.2"
    },
    "marge": {
      "options": {
        "id": "default",
        "reportDir": "cypress/reports/mocha",
        "quite": true,
        "overwrite": false,
        "html": false,
        "json": true
      },
      "version": "5.2.0"
    }
  }
}