{
  "stats": {
    "suites": 1,
    "tests": 7,
    "passes": 6,
    "pending": 0,
    "failures": 1,
    "start": "2021-04-18T15:17:14.926Z",
    "end": "2021-04-18T15:17:19.603Z",
    "duration": 4677,
    "testsRegistered": 7,
    "passPercent": 85.71428571428571,
    "pendingPercent": 0,
    "other": 0,
    "hasOther": false,
    "skipped": 0,
    "hasSkipped": false
  },
  "results": [
    {
      "uuid": "dc136fd0-27f3-4a43-8bbf-74ae2aeb6e84",
      "title": "",
      "fullFile": "cypress/integration/cucumber-test/calculator.feature",
      "file": "cypress/integration/cucumber-test/calculator.feature",
      "beforeHooks": [],
      "afterHooks": [],
      "tests": [],
      "suites": [
        {
          "uuid": "6edd1388-2105-4d57-bc63-de2de750833e",
          "title": "Calculator",
          "fullFile": "",
          "file": "",
          "beforeHooks": [],
          "afterHooks": [],
          "tests": [
            {
              "title": "Calculaton addition",
              "fullTitle": "Calculator Calculaton addition",
              "timedOut": null,
              "duration": 938,
              "state": "passed",
              "speed": "slow",
              "pass": true,
              "fail": false,
              "pending": false,
              "context": "\"videos/cucumber-test/calculator.feature.mp4\"",
              "code": "const state = window.testState;\nreturn cy\n  .then(() => state.onStartScenario(scenario, indexedSteps))\n  .then(() =>\n    resolveAndRunBeforeHooks.call(this, scenario.tags, state.feature.name)\n  )\n  .then(() =>\n    indexedSteps.forEach((step) =>\n      stepTest.call(this, state, step, rowData)\n    )\n  )\n  .then(() =>\n    resolveAndRunAfterHooks.call(this, scenario.tags, state.feature.name)\n  )\n  .then(() => state.onFinishScenario(scenario));",
              "err": {},
              "uuid": "57343406-6742-4fff-aa71-22a6b1b4763a",
              "parentUUID": "6edd1388-2105-4d57-bc63-de2de750833e",
              "isHook": false,
              "skipped": false
            },
            {
              "title": "Calculaton subtraction",
              "fullTitle": "Calculator Calculaton subtraction",
              "timedOut": null,
              "duration": 606,
              "state": "passed",
              "speed": "slow",
              "pass": true,
              "fail": false,
              "pending": false,
              "context": "\"videos/cucumber-test/calculator.feature.mp4\"",
              "code": "const state = window.testState;\nreturn cy\n  .then(() => state.onStartScenario(scenario, indexedSteps))\n  .then(() =>\n    resolveAndRunBeforeHooks.call(this, scenario.tags, state.feature.name)\n  )\n  .then(() =>\n    indexedSteps.forEach((step) =>\n      stepTest.call(this, state, step, rowData)\n    )\n  )\n  .then(() =>\n    resolveAndRunAfterHooks.call(this, scenario.tags, state.feature.name)\n  )\n  .then(() => state.onFinishScenario(scenario));",
              "err": {},
              "uuid": "f30c92a0-2407-47ca-8b9d-b44f4324d15a",
              "parentUUID": "6edd1388-2105-4d57-bc63-de2de750833e",
              "isHook": false,
              "skipped": false
            },
            {
              "title": "Calculaton multiplication",
              "fullTitle": "Calculator Calculaton multiplication",
              "timedOut": null,
              "duration": 594,
              "state": "passed",
              "speed": "slow",
              "pass": true,
              "fail": false,
              "pending": false,
              "context": "\"videos/cucumber-test/calculator.feature.mp4\"",
              "code": "const state = window.testState;\nreturn cy\n  .then(() => state.onStartScenario(scenario, indexedSteps))\n  .then(() =>\n    resolveAndRunBeforeHooks.call(this, scenario.tags, state.feature.name)\n  )\n  .then(() =>\n    indexedSteps.forEach((step) =>\n      stepTest.call(this, state, step, rowData)\n    )\n  )\n  .then(() =>\n    resolveAndRunAfterHooks.call(this, scenario.tags, state.feature.name)\n  )\n  .then(() => state.onFinishScenario(scenario));",
              "err": {},
              "uuid": "98230023-0d63-4838-9f41-6965a18d2456",
              "parentUUID": "6edd1388-2105-4d57-bc63-de2de750833e",
              "isHook": false,
              "skipped": false
            },
            {
              "title": "Calculaton division",
              "fullTitle": "Calculator Calculaton division",
              "timedOut": null,
              "duration": 602,
              "state": "passed",
              "speed": "slow",
              "pass": true,
              "fail": false,
              "pending": false,
              "context": "\"videos/cucumber-test/calculator.feature.mp4\"",
              "code": "const state = window.testState;\nreturn cy\n  .then(() => state.onStartScenario(scenario, indexedSteps))\n  .then(() =>\n    resolveAndRunBeforeHooks.call(this, scenario.tags, state.feature.name)\n  )\n  .then(() =>\n    indexedSteps.forEach((step) =>\n      stepTest.call(this, state, step, rowData)\n    )\n  )\n  .then(() =>\n    resolveAndRunAfterHooks.call(this, scenario.tags, state.feature.name)\n  )\n  .then(() => state.onFinishScenario(scenario));",
              "err": {},
              "uuid": "b88cd211-264b-4ebd-8e53-302fe0b91768",
              "parentUUID": "6edd1388-2105-4d57-bc63-de2de750833e",
              "isHook": false,
              "skipped": false
            },
            {
              "title": "Calculaton dividing by zero",
              "fullTitle": "Calculator Calculaton dividing by zero",
              "timedOut": null,
              "duration": 585,
              "state": "passed",
              "speed": "slow",
              "pass": true,
              "fail": false,
              "pending": false,
              "context": "\"videos/cucumber-test/calculator.feature.mp4\"",
              "code": "const state = window.testState;\nreturn cy\n  .then(() => state.onStartScenario(scenario, indexedSteps))\n  .then(() =>\n    resolveAndRunBeforeHooks.call(this, scenario.tags, state.feature.name)\n  )\n  .then(() =>\n    indexedSteps.forEach((step) =>\n      stepTest.call(this, state, step, rowData)\n    )\n  )\n  .then(() =>\n    resolveAndRunAfterHooks.call(this, scenario.tags, state.feature.name)\n  )\n  .then(() => state.onFinishScenario(scenario));",
              "err": {},
              "uuid": "076c00bb-5ea3-4a94-8197-9a6accfd035b",
              "parentUUID": "6edd1388-2105-4d57-bc63-de2de750833e",
              "isHook": false,
              "skipped": false
            },
            {
              "title": "Calculaton with negative numbers",
              "fullTitle": "Calculator Calculaton with negative numbers",
              "timedOut": null,
              "duration": 609,
              "state": "passed",
              "speed": "slow",
              "pass": true,
              "fail": false,
              "pending": false,
              "context": "\"videos/cucumber-test/calculator.feature.mp4\"",
              "code": "const state = window.testState;\nreturn cy\n  .then(() => state.onStartScenario(scenario, indexedSteps))\n  .then(() =>\n    resolveAndRunBeforeHooks.call(this, scenario.tags, state.feature.name)\n  )\n  .then(() =>\n    indexedSteps.forEach((step) =>\n      stepTest.call(this, state, step, rowData)\n    )\n  )\n  .then(() =>\n    resolveAndRunAfterHooks.call(this, scenario.tags, state.feature.name)\n  )\n  .then(() => state.onFinishScenario(scenario));",
              "err": {},
              "uuid": "eeee9e1e-645a-4c8b-88b6-098c1f42b05b",
              "parentUUID": "6edd1388-2105-4d57-bc63-de2de750833e",
              "isHook": false,
              "skipped": false
            },
            {
              "title": "Calculaton with decimal points",
              "fullTitle": "Calculator Calculaton with decimal points",
              "timedOut": null,
              "duration": 675,
              "state": "failed",
              "speed": null,
              "pass": false,
              "fail": true,
              "pending": false,
              "context": "[\n  \"videos/cucumber-test/calculator.feature.mp4\",\n  {\n    \"title\": \"Failed screenshot\",\n    \"value\": \"screenshots/cucumber-test/calculator.feature/Calculator -- Calculaton with decimal points (failed).png\"\n  }\n]",
              "code": "const state = window.testState;\nreturn cy\n  .then(() => state.onStartScenario(scenario, indexedSteps))\n  .then(() =>\n    resolveAndRunBeforeHooks.call(this, scenario.tags, state.feature.name)\n  )\n  .then(() =>\n    indexedSteps.forEach((step) =>\n      stepTest.call(this, state, step, rowData)\n    )\n  )\n  .then(() =>\n    resolveAndRunAfterHooks.call(this, scenario.tags, state.feature.name)\n  )\n  .then(() => state.onFinishScenario(scenario));",
              "err": {
                "message": "TypeError: cy.skipOn is not a function",
                "estack": "TypeError: cy.skipOn is not a function\n    at Context.eval (http://localhost:57207/__cypress/tests?p=cypress/integration/cucumber-test/calculator.feature:85:6)\n    at Context.resolveAndRunStepDefinition (http://localhost:57207/__cypress/tests?p=cypress/integration/cucumber-test/calculator.feature:10498:9)\n    at Context.eval (http://localhost:57207/__cypress/tests?p=cypress/integration/cucumber-test/calculator.feature:9839:35)",
                "diff": null
              },
              "uuid": "b67f4b2b-2701-44c1-ae40-803cf269ea0c",
              "parentUUID": "6edd1388-2105-4d57-bc63-de2de750833e",
              "isHook": false,
              "skipped": false
            }
          ],
          "suites": [],
          "passes": [
            "57343406-6742-4fff-aa71-22a6b1b4763a",
            "f30c92a0-2407-47ca-8b9d-b44f4324d15a",
            "98230023-0d63-4838-9f41-6965a18d2456",
            "b88cd211-264b-4ebd-8e53-302fe0b91768",
            "076c00bb-5ea3-4a94-8197-9a6accfd035b",
            "eeee9e1e-645a-4c8b-88b6-098c1f42b05b"
          ],
          "failures": [
            "b67f4b2b-2701-44c1-ae40-803cf269ea0c"
          ],
          "pending": [],
          "skipped": [],
          "duration": 4609,
          "root": false,
          "rootEmpty": false,
          "_timeout": 2000
        }
      ],
      "passes": [],
      "failures": [],
      "pending": [],
      "skipped": [],
      "duration": 0,
      "root": true,
      "rootEmpty": true,
      "_timeout": 2000
    }
  ],
  "meta": {
    "mocha": {
      "version": "7.0.1"
    },
    "mochawesome": {
      "options": {
        "quiet": false,
        "reportFilename": "mochawesome",
        "saveHtml": false,
        "saveJson": true,
        "consoleReporter": "spec",
        "useInlineDiffs": false,
        "code": true
      },
      "version": "6.2.2"
    },
    "marge": {
      "options": {
        "id": "default",
        "reportDir": "cypress/reports/mocha",
        "quite": true,
        "overwrite": false,
        "html": false,
        "json": true
      },
      "version": "5.2.0"
    }
  }
}