{
  "stats": {
    "suites": 1,
    "tests": 6,
    "passes": 0,
    "pending": 0,
    "failures": 6,
    "start": "2021-04-09T17:12:10.929Z",
    "end": "2021-04-09T17:12:15.186Z",
    "duration": 4167,
    "testsRegistered": 6,
    "passPercent": 0,
    "pendingPercent": 0,
    "other": 0,
    "hasOther": false,
    "skipped": 0,
    "hasSkipped": false
  },
  "results": [
    {
      "uuid": "af78259e-4d15-4163-ae01-8d98206371fa",
      "title": "",
      "fullFile": "cypress/integration/cucumber-test/calculator.feature",
      "file": "cypress/integration/cucumber-test/calculator.feature",
      "beforeHooks": [],
      "afterHooks": [],
      "tests": [],
      "suites": [
        {
          "uuid": "4923fd9d-c477-4ecb-813e-5a9981bf389e",
          "title": "Calculator",
          "fullFile": "",
          "file": "",
          "beforeHooks": [],
          "afterHooks": [],
          "tests": [
            {
              "title": "Calculaton addition",
              "fullTitle": "Calculator Calculaton addition",
              "timedOut": null,
              "duration": 754,
              "state": "failed",
              "speed": null,
              "pass": false,
              "fail": true,
              "pending": false,
              "context": "[\n  \"videos/cucumber-test/calculator.feature.mp4\",\n  {\n    \"title\": \"Failed screenshot\",\n    \"value\": \"screenshots/cucumber-test/calculator.feature/Calculator -- Calculaton addition (failed).png\"\n  }\n]",
              "code": "const state = window.testState;\nreturn cy\n  .then(() => state.onStartScenario(scenario, indexedSteps))\n  .then(() =>\n    resolveAndRunBeforeHooks.call(this, scenario.tags, state.feature.name)\n  )\n  .then(() =>\n    indexedSteps.forEach((step) =>\n      stepTest.call(this, state, step, rowData)\n    )\n  )\n  .then(() =>\n    resolveAndRunAfterHooks.call(this, scenario.tags, state.feature.name)\n  )\n  .then(() => state.onFinishScenario(scenario));",
              "err": {
                "message": "CypressError: `cy.visit()` failed trying to load:\n\nindex.html\n\nWe failed looking for this file at the path:\n\n/Users/ita/Documents/Learning/Testing/index.html\n\nThe internal Cypress web server responded with:\n\n  > 404: Not Found",
                "estack": "CypressError: `cy.visit()` failed trying to load:\n\nindex.html\n\nWe failed looking for this file at the path:\n\n/Users/ita/Documents/Learning/Testing/index.html\n\nThe internal Cypress web server responded with:\n\n  > 404: Not Found\n    at http://localhost:52450/__cypress/runner/cypress_runner.js:159119:25\n    at visitFailedByErr (http://localhost:52450/__cypress/runner/cypress_runner.js:158495:12)\n    at http://localhost:52450/__cypress/runner/cypress_runner.js:159099:13\n    at tryCatcher (http://localhost:52450/__cypress/runner/cypress_runner.js:10765:23)\n    at Promise._settlePromiseFromHandler (http://localhost:52450/__cypress/runner/cypress_runner.js:8700:31)\n    at Promise._settlePromise (http://localhost:52450/__cypress/runner/cypress_runner.js:8757:18)\n    at Promise._settlePromise0 (http://localhost:52450/__cypress/runner/cypress_runner.js:8802:10)\n    at Promise._settlePromises (http://localhost:52450/__cypress/runner/cypress_runner.js:8878:18)\n    at _drainQueueStep (http://localhost:52450/__cypress/runner/cypress_runner.js:5472:12)\n    at _drainQueue (http://localhost:52450/__cypress/runner/cypress_runner.js:5465:9)\n    at Async.../../node_modules/bluebird/js/release/async.js.Async._drainQueues (http://localhost:52450/__cypress/runner/cypress_runner.js:5481:5)\n    at Async.drainQueues (http://localhost:52450/__cypress/runner/cypress_runner.js:5351:14)\nFrom Your Spec Code:\n    at Context.eval (http://localhost:52450/__cypress/tests?p=cypress/integration/cucumber-test/calculator.feature:40:6)\n    at Context.resolveAndRunStepDefinition (http://localhost:52450/__cypress/tests?p=cypress/integration/cucumber-test/calculator.feature:10497:9)\n    at Context.eval (http://localhost:52450/__cypress/tests?p=cypress/integration/cucumber-test/calculator.feature:9838:35)\nFrom Your Spec Code:\n    at Context.eval (http://localhost:52450/__cypress/tests?p=cypress/integration/cucumber-test/calculator.feature:40:6)\n    at Context.resolveAndRunStepDefinition (http://localhost:52450/__cypress/tests?p=cypress/integration/cucumber-test/calculator.feature:10497:9)\n    at Context.eval (http://localhost:52450/__cypress/tests?p=cypress/integration/cucumber-test/calculator.feature:9838:35)",
                "diff": null
              },
              "uuid": "a99285cf-4a22-43c9-8737-4fcc94976f88",
              "parentUUID": "4923fd9d-c477-4ecb-813e-5a9981bf389e",
              "isHook": false,
              "skipped": false
            },
            {
              "title": "Calculaton subtraction",
              "fullTitle": "Calculator Calculaton subtraction",
              "timedOut": null,
              "duration": 656,
              "state": "failed",
              "speed": null,
              "pass": false,
              "fail": true,
              "pending": false,
              "context": "[\n  \"videos/cucumber-test/calculator.feature.mp4\",\n  {\n    \"title\": \"Failed screenshot\",\n    \"value\": \"screenshots/cucumber-test/calculator.feature/Calculator -- Calculaton subtraction (failed).png\"\n  }\n]",
              "code": "const state = window.testState;\nreturn cy\n  .then(() => state.onStartScenario(scenario, indexedSteps))\n  .then(() =>\n    resolveAndRunBeforeHooks.call(this, scenario.tags, state.feature.name)\n  )\n  .then(() =>\n    indexedSteps.forEach((step) =>\n      stepTest.call(this, state, step, rowData)\n    )\n  )\n  .then(() =>\n    resolveAndRunAfterHooks.call(this, scenario.tags, state.feature.name)\n  )\n  .then(() => state.onFinishScenario(scenario));",
              "err": {
                "message": "CypressError: `cy.visit()` failed trying to load:\n\nindex.html\n\nWe failed looking for this file at the path:\n\n/Users/ita/Documents/Learning/Testing/index.html\n\nThe internal Cypress web server responded with:\n\n  > 404: Not Found",
                "estack": "CypressError: `cy.visit()` failed trying to load:\n\nindex.html\n\nWe failed looking for this file at the path:\n\n/Users/ita/Documents/Learning/Testing/index.html\n\nThe internal Cypress web server responded with:\n\n  > 404: Not Found\n    at http://localhost:52450/__cypress/runner/cypress_runner.js:159119:25\n    at visitFailedByErr (http://localhost:52450/__cypress/runner/cypress_runner.js:158495:12)\n    at http://localhost:52450/__cypress/runner/cypress_runner.js:159099:13\n    at tryCatcher (http://localhost:52450/__cypress/runner/cypress_runner.js:10765:23)\n    at Promise._settlePromiseFromHandler (http://localhost:52450/__cypress/runner/cypress_runner.js:8700:31)\n    at Promise._settlePromise (http://localhost:52450/__cypress/runner/cypress_runner.js:8757:18)\n    at Promise._settlePromise0 (http://localhost:52450/__cypress/runner/cypress_runner.js:8802:10)\n    at Promise._settlePromises (http://localhost:52450/__cypress/runner/cypress_runner.js:8878:18)\n    at _drainQueueStep (http://localhost:52450/__cypress/runner/cypress_runner.js:5472:12)\n    at _drainQueue (http://localhost:52450/__cypress/runner/cypress_runner.js:5465:9)\n    at Async.../../node_modules/bluebird/js/release/async.js.Async._drainQueues (http://localhost:52450/__cypress/runner/cypress_runner.js:5481:5)\n    at Async.drainQueues (http://localhost:52450/__cypress/runner/cypress_runner.js:5351:14)\nFrom Your Spec Code:\n    at Context.eval (http://localhost:52450/__cypress/tests?p=cypress/integration/cucumber-test/calculator.feature:40:6)\n    at Context.resolveAndRunStepDefinition (http://localhost:52450/__cypress/tests?p=cypress/integration/cucumber-test/calculator.feature:10497:9)\n    at Context.eval (http://localhost:52450/__cypress/tests?p=cypress/integration/cucumber-test/calculator.feature:9838:35)\nFrom Your Spec Code:\n    at Context.eval (http://localhost:52450/__cypress/tests?p=cypress/integration/cucumber-test/calculator.feature:40:6)\n    at Context.resolveAndRunStepDefinition (http://localhost:52450/__cypress/tests?p=cypress/integration/cucumber-test/calculator.feature:10497:9)\n    at Context.eval (http://localhost:52450/__cypress/tests?p=cypress/integration/cucumber-test/calculator.feature:9838:35)",
                "diff": null
              },
              "uuid": "4cabedbc-ec5d-4e10-88be-0c7ce01cca05",
              "parentUUID": "4923fd9d-c477-4ecb-813e-5a9981bf389e",
              "isHook": false,
              "skipped": false
            },
            {
              "title": "Calculaton multiplication",
              "fullTitle": "Calculator Calculaton multiplication",
              "timedOut": null,
              "duration": 653,
              "state": "failed",
              "speed": null,
              "pass": false,
              "fail": true,
              "pending": false,
              "context": "[\n  \"videos/cucumber-test/calculator.feature.mp4\",\n  {\n    \"title\": \"Failed screenshot\",\n    \"value\": \"screenshots/cucumber-test/calculator.feature/Calculator -- Calculaton multiplication (failed).png\"\n  }\n]",
              "code": "const state = window.testState;\nreturn cy\n  .then(() => state.onStartScenario(scenario, indexedSteps))\n  .then(() =>\n    resolveAndRunBeforeHooks.call(this, scenario.tags, state.feature.name)\n  )\n  .then(() =>\n    indexedSteps.forEach((step) =>\n      stepTest.call(this, state, step, rowData)\n    )\n  )\n  .then(() =>\n    resolveAndRunAfterHooks.call(this, scenario.tags, state.feature.name)\n  )\n  .then(() => state.onFinishScenario(scenario));",
              "err": {
                "message": "CypressError: `cy.visit()` failed trying to load:\n\nindex.html\n\nWe failed looking for this file at the path:\n\n/Users/ita/Documents/Learning/Testing/index.html\n\nThe internal Cypress web server responded with:\n\n  > 404: Not Found",
                "estack": "CypressError: `cy.visit()` failed trying to load:\n\nindex.html\n\nWe failed looking for this file at the path:\n\n/Users/ita/Documents/Learning/Testing/index.html\n\nThe internal Cypress web server responded with:\n\n  > 404: Not Found\n    at http://localhost:52450/__cypress/runner/cypress_runner.js:159119:25\n    at visitFailedByErr (http://localhost:52450/__cypress/runner/cypress_runner.js:158495:12)\n    at http://localhost:52450/__cypress/runner/cypress_runner.js:159099:13\n    at tryCatcher (http://localhost:52450/__cypress/runner/cypress_runner.js:10765:23)\n    at Promise._settlePromiseFromHandler (http://localhost:52450/__cypress/runner/cypress_runner.js:8700:31)\n    at Promise._settlePromise (http://localhost:52450/__cypress/runner/cypress_runner.js:8757:18)\n    at Promise._settlePromise0 (http://localhost:52450/__cypress/runner/cypress_runner.js:8802:10)\n    at Promise._settlePromises (http://localhost:52450/__cypress/runner/cypress_runner.js:8878:18)\n    at _drainQueueStep (http://localhost:52450/__cypress/runner/cypress_runner.js:5472:12)\n    at _drainQueue (http://localhost:52450/__cypress/runner/cypress_runner.js:5465:9)\n    at Async.../../node_modules/bluebird/js/release/async.js.Async._drainQueues (http://localhost:52450/__cypress/runner/cypress_runner.js:5481:5)\n    at Async.drainQueues (http://localhost:52450/__cypress/runner/cypress_runner.js:5351:14)\nFrom Your Spec Code:\n    at Context.eval (http://localhost:52450/__cypress/tests?p=cypress/integration/cucumber-test/calculator.feature:40:6)\n    at Context.resolveAndRunStepDefinition (http://localhost:52450/__cypress/tests?p=cypress/integration/cucumber-test/calculator.feature:10497:9)\n    at Context.eval (http://localhost:52450/__cypress/tests?p=cypress/integration/cucumber-test/calculator.feature:9838:35)\nFrom Your Spec Code:\n    at Context.eval (http://localhost:52450/__cypress/tests?p=cypress/integration/cucumber-test/calculator.feature:40:6)\n    at Context.resolveAndRunStepDefinition (http://localhost:52450/__cypress/tests?p=cypress/integration/cucumber-test/calculator.feature:10497:9)\n    at Context.eval (http://localhost:52450/__cypress/tests?p=cypress/integration/cucumber-test/calculator.feature:9838:35)",
                "diff": null
              },
              "uuid": "4cf3ce95-5f75-43e2-b4e8-4923d6cd7620",
              "parentUUID": "4923fd9d-c477-4ecb-813e-5a9981bf389e",
              "isHook": false,
              "skipped": false
            },
            {
              "title": "Calculaton division",
              "fullTitle": "Calculator Calculaton division",
              "timedOut": null,
              "duration": 697,
              "state": "failed",
              "speed": null,
              "pass": false,
              "fail": true,
              "pending": false,
              "context": "[\n  \"videos/cucumber-test/calculator.feature.mp4\",\n  {\n    \"title\": \"Failed screenshot\",\n    \"value\": \"screenshots/cucumber-test/calculator.feature/Calculator -- Calculaton division (failed).png\"\n  }\n]",
              "code": "const state = window.testState;\nreturn cy\n  .then(() => state.onStartScenario(scenario, indexedSteps))\n  .then(() =>\n    resolveAndRunBeforeHooks.call(this, scenario.tags, state.feature.name)\n  )\n  .then(() =>\n    indexedSteps.forEach((step) =>\n      stepTest.call(this, state, step, rowData)\n    )\n  )\n  .then(() =>\n    resolveAndRunAfterHooks.call(this, scenario.tags, state.feature.name)\n  )\n  .then(() => state.onFinishScenario(scenario));",
              "err": {
                "message": "CypressError: `cy.visit()` failed trying to load:\n\nindex.html\n\nWe failed looking for this file at the path:\n\n/Users/ita/Documents/Learning/Testing/index.html\n\nThe internal Cypress web server responded with:\n\n  > 404: Not Found",
                "estack": "CypressError: `cy.visit()` failed trying to load:\n\nindex.html\n\nWe failed looking for this file at the path:\n\n/Users/ita/Documents/Learning/Testing/index.html\n\nThe internal Cypress web server responded with:\n\n  > 404: Not Found\n    at http://localhost:52450/__cypress/runner/cypress_runner.js:159119:25\n    at visitFailedByErr (http://localhost:52450/__cypress/runner/cypress_runner.js:158495:12)\n    at http://localhost:52450/__cypress/runner/cypress_runner.js:159099:13\n    at tryCatcher (http://localhost:52450/__cypress/runner/cypress_runner.js:10765:23)\n    at Promise._settlePromiseFromHandler (http://localhost:52450/__cypress/runner/cypress_runner.js:8700:31)\n    at Promise._settlePromise (http://localhost:52450/__cypress/runner/cypress_runner.js:8757:18)\n    at Promise._settlePromise0 (http://localhost:52450/__cypress/runner/cypress_runner.js:8802:10)\n    at Promise._settlePromises (http://localhost:52450/__cypress/runner/cypress_runner.js:8878:18)\n    at _drainQueueStep (http://localhost:52450/__cypress/runner/cypress_runner.js:5472:12)\n    at _drainQueue (http://localhost:52450/__cypress/runner/cypress_runner.js:5465:9)\n    at Async.../../node_modules/bluebird/js/release/async.js.Async._drainQueues (http://localhost:52450/__cypress/runner/cypress_runner.js:5481:5)\n    at Async.drainQueues (http://localhost:52450/__cypress/runner/cypress_runner.js:5351:14)\nFrom Your Spec Code:\n    at Context.eval (http://localhost:52450/__cypress/tests?p=cypress/integration/cucumber-test/calculator.feature:40:6)\n    at Context.resolveAndRunStepDefinition (http://localhost:52450/__cypress/tests?p=cypress/integration/cucumber-test/calculator.feature:10497:9)\n    at Context.eval (http://localhost:52450/__cypress/tests?p=cypress/integration/cucumber-test/calculator.feature:9838:35)\nFrom Your Spec Code:\n    at Context.eval (http://localhost:52450/__cypress/tests?p=cypress/integration/cucumber-test/calculator.feature:40:6)\n    at Context.resolveAndRunStepDefinition (http://localhost:52450/__cypress/tests?p=cypress/integration/cucumber-test/calculator.feature:10497:9)\n    at Context.eval (http://localhost:52450/__cypress/tests?p=cypress/integration/cucumber-test/calculator.feature:9838:35)",
                "diff": null
              },
              "uuid": "deff9753-613d-48ba-bb1e-1b0e36c95f4a",
              "parentUUID": "4923fd9d-c477-4ecb-813e-5a9981bf389e",
              "isHook": false,
              "skipped": false
            },
            {
              "title": "Calculaton dividing by zero",
              "fullTitle": "Calculator Calculaton dividing by zero",
              "timedOut": null,
              "duration": 673,
              "state": "failed",
              "speed": null,
              "pass": false,
              "fail": true,
              "pending": false,
              "context": "[\n  \"videos/cucumber-test/calculator.feature.mp4\",\n  {\n    \"title\": \"Failed screenshot\",\n    \"value\": \"screenshots/cucumber-test/calculator.feature/Calculator -- Calculaton dividing by zero (failed).png\"\n  }\n]",
              "code": "const state = window.testState;\nreturn cy\n  .then(() => state.onStartScenario(scenario, indexedSteps))\n  .then(() =>\n    resolveAndRunBeforeHooks.call(this, scenario.tags, state.feature.name)\n  )\n  .then(() =>\n    indexedSteps.forEach((step) =>\n      stepTest.call(this, state, step, rowData)\n    )\n  )\n  .then(() =>\n    resolveAndRunAfterHooks.call(this, scenario.tags, state.feature.name)\n  )\n  .then(() => state.onFinishScenario(scenario));",
              "err": {
                "message": "CypressError: `cy.visit()` failed trying to load:\n\nindex.html\n\nWe failed looking for this file at the path:\n\n/Users/ita/Documents/Learning/Testing/index.html\n\nThe internal Cypress web server responded with:\n\n  > 404: Not Found",
                "estack": "CypressError: `cy.visit()` failed trying to load:\n\nindex.html\n\nWe failed looking for this file at the path:\n\n/Users/ita/Documents/Learning/Testing/index.html\n\nThe internal Cypress web server responded with:\n\n  > 404: Not Found\n    at http://localhost:52450/__cypress/runner/cypress_runner.js:159119:25\n    at visitFailedByErr (http://localhost:52450/__cypress/runner/cypress_runner.js:158495:12)\n    at http://localhost:52450/__cypress/runner/cypress_runner.js:159099:13\n    at tryCatcher (http://localhost:52450/__cypress/runner/cypress_runner.js:10765:23)\n    at Promise._settlePromiseFromHandler (http://localhost:52450/__cypress/runner/cypress_runner.js:8700:31)\n    at Promise._settlePromise (http://localhost:52450/__cypress/runner/cypress_runner.js:8757:18)\n    at Promise._settlePromise0 (http://localhost:52450/__cypress/runner/cypress_runner.js:8802:10)\n    at Promise._settlePromises (http://localhost:52450/__cypress/runner/cypress_runner.js:8878:18)\n    at _drainQueueStep (http://localhost:52450/__cypress/runner/cypress_runner.js:5472:12)\n    at _drainQueue (http://localhost:52450/__cypress/runner/cypress_runner.js:5465:9)\n    at Async.../../node_modules/bluebird/js/release/async.js.Async._drainQueues (http://localhost:52450/__cypress/runner/cypress_runner.js:5481:5)\n    at Async.drainQueues (http://localhost:52450/__cypress/runner/cypress_runner.js:5351:14)\nFrom Your Spec Code:\n    at Context.eval (http://localhost:52450/__cypress/tests?p=cypress/integration/cucumber-test/calculator.feature:40:6)\n    at Context.resolveAndRunStepDefinition (http://localhost:52450/__cypress/tests?p=cypress/integration/cucumber-test/calculator.feature:10497:9)\n    at Context.eval (http://localhost:52450/__cypress/tests?p=cypress/integration/cucumber-test/calculator.feature:9838:35)\nFrom Your Spec Code:\n    at Context.eval (http://localhost:52450/__cypress/tests?p=cypress/integration/cucumber-test/calculator.feature:40:6)\n    at Context.resolveAndRunStepDefinition (http://localhost:52450/__cypress/tests?p=cypress/integration/cucumber-test/calculator.feature:10497:9)\n    at Context.eval (http://localhost:52450/__cypress/tests?p=cypress/integration/cucumber-test/calculator.feature:9838:35)",
                "diff": null
              },
              "uuid": "a9ae9d42-4762-482a-8209-40ca5c466198",
              "parentUUID": "4923fd9d-c477-4ecb-813e-5a9981bf389e",
              "isHook": false,
              "skipped": false
            },
            {
              "title": "Calculaton with negative numbers",
              "fullTitle": "Calculator Calculaton with negative numbers",
              "timedOut": null,
              "duration": 734,
              "state": "failed",
              "speed": null,
              "pass": false,
              "fail": true,
              "pending": false,
              "context": "[\n  \"videos/cucumber-test/calculator.feature.mp4\",\n  {\n    \"title\": \"Failed screenshot\",\n    \"value\": \"screenshots/cucumber-test/calculator.feature/Calculator -- Calculaton with negative numbers (failed).png\"\n  }\n]",
              "code": "const state = window.testState;\nreturn cy\n  .then(() => state.onStartScenario(scenario, indexedSteps))\n  .then(() =>\n    resolveAndRunBeforeHooks.call(this, scenario.tags, state.feature.name)\n  )\n  .then(() =>\n    indexedSteps.forEach((step) =>\n      stepTest.call(this, state, step, rowData)\n    )\n  )\n  .then(() =>\n    resolveAndRunAfterHooks.call(this, scenario.tags, state.feature.name)\n  )\n  .then(() => state.onFinishScenario(scenario));",
              "err": {
                "message": "CypressError: `cy.visit()` failed trying to load:\n\nindex.html\n\nWe failed looking for this file at the path:\n\n/Users/ita/Documents/Learning/Testing/index.html\n\nThe internal Cypress web server responded with:\n\n  > 404: Not Found",
                "estack": "CypressError: `cy.visit()` failed trying to load:\n\nindex.html\n\nWe failed looking for this file at the path:\n\n/Users/ita/Documents/Learning/Testing/index.html\n\nThe internal Cypress web server responded with:\n\n  > 404: Not Found\n    at http://localhost:52450/__cypress/runner/cypress_runner.js:159119:25\n    at visitFailedByErr (http://localhost:52450/__cypress/runner/cypress_runner.js:158495:12)\n    at http://localhost:52450/__cypress/runner/cypress_runner.js:159099:13\n    at tryCatcher (http://localhost:52450/__cypress/runner/cypress_runner.js:10765:23)\n    at Promise._settlePromiseFromHandler (http://localhost:52450/__cypress/runner/cypress_runner.js:8700:31)\n    at Promise._settlePromise (http://localhost:52450/__cypress/runner/cypress_runner.js:8757:18)\n    at Promise._settlePromise0 (http://localhost:52450/__cypress/runner/cypress_runner.js:8802:10)\n    at Promise._settlePromises (http://localhost:52450/__cypress/runner/cypress_runner.js:8878:18)\n    at _drainQueueStep (http://localhost:52450/__cypress/runner/cypress_runner.js:5472:12)\n    at _drainQueue (http://localhost:52450/__cypress/runner/cypress_runner.js:5465:9)\n    at Async.../../node_modules/bluebird/js/release/async.js.Async._drainQueues (http://localhost:52450/__cypress/runner/cypress_runner.js:5481:5)\n    at Async.drainQueues (http://localhost:52450/__cypress/runner/cypress_runner.js:5351:14)\nFrom Your Spec Code:\n    at Context.eval (http://localhost:52450/__cypress/tests?p=cypress/integration/cucumber-test/calculator.feature:40:6)\n    at Context.resolveAndRunStepDefinition (http://localhost:52450/__cypress/tests?p=cypress/integration/cucumber-test/calculator.feature:10497:9)\n    at Context.eval (http://localhost:52450/__cypress/tests?p=cypress/integration/cucumber-test/calculator.feature:9838:35)\nFrom Your Spec Code:\n    at Context.eval (http://localhost:52450/__cypress/tests?p=cypress/integration/cucumber-test/calculator.feature:40:6)\n    at Context.resolveAndRunStepDefinition (http://localhost:52450/__cypress/tests?p=cypress/integration/cucumber-test/calculator.feature:10497:9)\n    at Context.eval (http://localhost:52450/__cypress/tests?p=cypress/integration/cucumber-test/calculator.feature:9838:35)",
                "diff": null
              },
              "uuid": "1bfcbff9-b989-4f01-816d-a26e9eeae147",
              "parentUUID": "4923fd9d-c477-4ecb-813e-5a9981bf389e",
              "isHook": false,
              "skipped": false
            }
          ],
          "suites": [],
          "passes": [],
          "failures": [
            "a99285cf-4a22-43c9-8737-4fcc94976f88",
            "4cabedbc-ec5d-4e10-88be-0c7ce01cca05",
            "4cf3ce95-5f75-43e2-b4e8-4923d6cd7620",
            "deff9753-613d-48ba-bb1e-1b0e36c95f4a",
            "a9ae9d42-4762-482a-8209-40ca5c466198",
            "1bfcbff9-b989-4f01-816d-a26e9eeae147"
          ],
          "pending": [],
          "skipped": [],
          "duration": 4167,
          "root": false,
          "rootEmpty": false,
          "_timeout": 2000
        }
      ],
      "passes": [],
      "failures": [],
      "pending": [],
      "skipped": [],
      "duration": 0,
      "root": true,
      "rootEmpty": true,
      "_timeout": 2000
    }
  ],
  "meta": {
    "mocha": {
      "version": "7.0.1"
    },
    "mochawesome": {
      "options": {
        "quiet": false,
        "reportFilename": "mochawesome",
        "saveHtml": false,
        "saveJson": true,
        "consoleReporter": "spec",
        "useInlineDiffs": false,
        "code": true
      },
      "version": "6.2.2"
    },
    "marge": {
      "options": {
        "id": "default",
        "reportDir": "cypress/reports/mocha",
        "quite": true,
        "overwrite": false,
        "html": false,
        "json": true
      },
      "version": "5.2.0"
    }
  }
}